{"C:\\Users\\elisa\\Documents\\Dev\\moodify\\src\\pages\\Callback.tsx": {"path":"C:\\Users\\elisa\\Documents\\Dev\\moodify\\src\\pages\\Callback.tsx","all":false,"statementMap":{"0":{"start":{"line":1,"column":0},"end":{"line":1,"column":44}},"1":{"start":{"line":2,"column":0},"end":{"line":2,"column":42}},"3":{"start":{"line":4,"column":0},"end":{"line":4,"column":36}},"4":{"start":{"line":5,"column":0},"end":{"line":5,"column":47}},"5":{"start":{"line":6,"column":0},"end":{"line":6,"column":58}},"7":{"start":{"line":8,"column":0},"end":{"line":8,"column":19}},"8":{"start":{"line":9,"column":0},"end":{"line":9,"column":40}},"9":{"start":{"line":10,"column":0},"end":{"line":10,"column":11}},"11":{"start":{"line":12,"column":0},"end":{"line":12,"column":70}},"12":{"start":{"line":13,"column":0},"end":{"line":13,"column":43}},"13":{"start":{"line":14,"column":0},"end":{"line":14,"column":71}},"15":{"start":{"line":16,"column":0},"end":{"line":16,"column":59}},"16":{"start":{"line":17,"column":0},"end":{"line":17,"column":40}},"17":{"start":{"line":18,"column":0},"end":{"line":18,"column":50}},"18":{"start":{"line":19,"column":0},"end":{"line":19,"column":79}},"20":{"start":{"line":21,"column":0},"end":{"line":21,"column":20}},"21":{"start":{"line":22,"column":0},"end":{"line":22,"column":69}},"22":{"start":{"line":23,"column":0},"end":{"line":23,"column":9}},"24":{"start":{"line":25,"column":0},"end":{"line":25,"column":24}},"25":{"start":{"line":26,"column":0},"end":{"line":26,"column":73}},"26":{"start":{"line":27,"column":0},"end":{"line":27,"column":9}},"28":{"start":{"line":29,"column":0},"end":{"line":29,"column":42}},"29":{"start":{"line":30,"column":0},"end":{"line":30,"column":43}},"30":{"start":{"line":31,"column":0},"end":{"line":31,"column":15}},"31":{"start":{"line":32,"column":0},"end":{"line":32,"column":67}},"32":{"start":{"line":33,"column":0},"end":{"line":33,"column":61}},"33":{"start":{"line":34,"column":0},"end":{"line":34,"column":34}},"34":{"start":{"line":35,"column":0},"end":{"line":35,"column":11}},"36":{"start":{"line":37,"column":0},"end":{"line":37,"column":62}},"38":{"start":{"line":39,"column":0},"end":{"line":39,"column":80}},"39":{"start":{"line":40,"column":0},"end":{"line":40,"column":25}},"40":{"start":{"line":41,"column":0},"end":{"line":41,"column":20}},"41":{"start":{"line":42,"column":0},"end":{"line":42,"column":64}},"42":{"start":{"line":43,"column":0},"end":{"line":43,"column":12}},"43":{"start":{"line":44,"column":0},"end":{"line":44,"column":15}},"44":{"start":{"line":45,"column":0},"end":{"line":45,"column":11}},"46":{"start":{"line":47,"column":0},"end":{"line":47,"column":27}},"47":{"start":{"line":48,"column":0},"end":{"line":48,"column":50}},"48":{"start":{"line":49,"column":0},"end":{"line":49,"column":48}},"49":{"start":{"line":50,"column":0},"end":{"line":50,"column":83}},"50":{"start":{"line":51,"column":0},"end":{"line":51,"column":9}},"52":{"start":{"line":53,"column":0},"end":{"line":53,"column":43}},"54":{"start":{"line":55,"column":0},"end":{"line":55,"column":32}},"55":{"start":{"line":56,"column":0},"end":{"line":56,"column":46}},"56":{"start":{"line":57,"column":0},"end":{"line":57,"column":74}},"57":{"start":{"line":58,"column":0},"end":{"line":58,"column":59}},"58":{"start":{"line":59,"column":0},"end":{"line":59,"column":37}},"59":{"start":{"line":60,"column":0},"end":{"line":60,"column":16}},"60":{"start":{"line":61,"column":0},"end":{"line":61,"column":44}},"61":{"start":{"line":62,"column":0},"end":{"line":62,"column":9}},"62":{"start":{"line":63,"column":0},"end":{"line":63,"column":21}},"63":{"start":{"line":64,"column":0},"end":{"line":64,"column":66}},"64":{"start":{"line":65,"column":0},"end":{"line":65,"column":73}},"65":{"start":{"line":66,"column":0},"end":{"line":66,"column":26}},"66":{"start":{"line":67,"column":0},"end":{"line":67,"column":7}},"67":{"start":{"line":68,"column":0},"end":{"line":68,"column":6}},"69":{"start":{"line":70,"column":0},"end":{"line":70,"column":21}},"70":{"start":{"line":71,"column":0},"end":{"line":71,"column":9}},"72":{"start":{"line":73,"column":0},"end":{"line":73,"column":10}},"73":{"start":{"line":74,"column":0},"end":{"line":74,"column":53}},"74":{"start":{"line":75,"column":0},"end":{"line":75,"column":27}},"75":{"start":{"line":76,"column":0},"end":{"line":76,"column":73}},"76":{"start":{"line":77,"column":0},"end":{"line":77,"column":20}},"77":{"start":{"line":78,"column":0},"end":{"line":78,"column":78}},"79":{"start":{"line":80,"column":0},"end":{"line":80,"column":39}},"80":{"start":{"line":81,"column":0},"end":{"line":81,"column":76}},"81":{"start":{"line":82,"column":0},"end":{"line":82,"column":43}},"82":{"start":{"line":83,"column":0},"end":{"line":83,"column":71}},"84":{"start":{"line":85,"column":0},"end":{"line":85,"column":16}},"85":{"start":{"line":86,"column":0},"end":{"line":86,"column":16}},"87":{"start":{"line":88,"column":0},"end":{"line":88,"column":13}},"88":{"start":{"line":89,"column":0},"end":{"line":89,"column":10}},"90":{"start":{"line":91,"column":0},"end":{"line":91,"column":1}}},"s":{"0":1,"1":1,"3":9,"4":9,"5":9,"7":9,"8":5,"9":5,"11":5,"12":5,"13":5,"15":5,"16":5,"17":5,"18":5,"20":5,"21":1,"22":1,"24":5,"25":1,"26":1,"28":3,"29":3,"30":3,"31":3,"32":3,"33":3,"34":3,"36":3,"38":3,"39":3,"40":3,"41":3,"42":3,"43":3,"44":3,"46":5,"47":1,"48":1,"49":1,"50":1,"52":2,"54":5,"55":1,"56":1,"57":1,"58":1,"59":1,"60":1,"61":1,"62":5,"63":4,"64":4,"65":4,"66":4,"67":5,"69":5,"70":9,"72":9,"73":9,"74":9,"75":9,"76":9,"77":5,"79":4,"80":4,"81":4,"82":4,"84":4,"85":4,"87":9,"88":9,"90":9},"branchMap":{"0":{"type":"branch","line":4,"loc":{"start":{"line":4,"column":0},"end":{"line":91,"column":1}},"locations":[{"start":{"line":4,"column":0},"end":{"line":91,"column":1}}]},"1":{"type":"branch","line":77,"loc":{"start":{"line":77,"column":9},"end":{"line":78,"column":78}},"locations":[{"start":{"line":77,"column":9},"end":{"line":78,"column":78}}]},"2":{"type":"branch","line":78,"loc":{"start":{"line":78,"column":73},"end":{"line":86,"column":16}},"locations":[{"start":{"line":78,"column":73},"end":{"line":86,"column":16}}]},"3":{"type":"branch","line":8,"loc":{"start":{"line":8,"column":12},"end":{"line":71,"column":5}},"locations":[{"start":{"line":8,"column":12},"end":{"line":71,"column":5}}]},"4":{"type":"branch","line":9,"loc":{"start":{"line":9,"column":27},"end":{"line":68,"column":6}},"locations":[{"start":{"line":9,"column":27},"end":{"line":68,"column":6}}]},"5":{"type":"branch","line":21,"loc":{"start":{"line":21,"column":19},"end":{"line":23,"column":9}},"locations":[{"start":{"line":21,"column":19},"end":{"line":23,"column":9}}]},"6":{"type":"branch","line":23,"loc":{"start":{"line":23,"column":8},"end":{"line":25,"column":23}},"locations":[{"start":{"line":23,"column":8},"end":{"line":25,"column":23}}]},"7":{"type":"branch","line":25,"loc":{"start":{"line":25,"column":23},"end":{"line":27,"column":9}},"locations":[{"start":{"line":25,"column":23},"end":{"line":27,"column":9}}]},"8":{"type":"branch","line":27,"loc":{"start":{"line":27,"column":8},"end":{"line":47,"column":26}},"locations":[{"start":{"line":27,"column":8},"end":{"line":47,"column":26}}]},"9":{"type":"branch","line":47,"loc":{"start":{"line":47,"column":26},"end":{"line":51,"column":9}},"locations":[{"start":{"line":47,"column":26},"end":{"line":51,"column":9}}]},"10":{"type":"branch","line":51,"loc":{"start":{"line":51,"column":8},"end":{"line":55,"column":31}},"locations":[{"start":{"line":51,"column":8},"end":{"line":55,"column":31}}]},"11":{"type":"branch","line":55,"loc":{"start":{"line":55,"column":31},"end":{"line":62,"column":9}},"locations":[{"start":{"line":55,"column":31},"end":{"line":62,"column":9}}]},"12":{"type":"branch","line":63,"loc":{"start":{"line":63,"column":6},"end":{"line":67,"column":7}},"locations":[{"start":{"line":63,"column":6},"end":{"line":67,"column":7}}]},"13":{"type":"branch","line":65,"loc":{"start":{"line":65,"column":44},"end":{"line":65,"column":71}},"locations":[{"start":{"line":65,"column":44},"end":{"line":65,"column":71}}]}},"b":{"0":[9],"1":[5],"2":[4],"3":[5],"4":[5],"5":[1],"6":[4],"7":[1],"8":[3],"9":[1],"10":[2],"11":[1],"12":[4],"13":[0]},"fnMap":{"0":{"name":"Callback","decl":{"start":{"line":4,"column":0},"end":{"line":91,"column":1}},"loc":{"start":{"line":4,"column":0},"end":{"line":91,"column":1}},"line":4},"1":{"name":"handleCallback","decl":{"start":{"line":9,"column":27},"end":{"line":68,"column":6}},"loc":{"start":{"line":9,"column":27},"end":{"line":68,"column":6}},"line":9}},"f":{"0":9,"1":5}}
}
